<?xml version="1.0" encoding="UTF-8"?>
<!-- Generated by org.testng.reporters.JUnitXMLReporter -->
<testsuite hostname="DESKTOP-MDBUHON" ignored="2" name="Default test(failed)" tests="1" failures="1" timestamp="2022-02-28T12:22:56 IST" time="0.081" errors="0">
  <testcase name="S2" time="0.016" classname="com.aspire.selenium.Framework.testNG.FailePro">
    <failure type="java.lang.AssertionError" message="null">
      <![CDATA[java.lang.AssertionError: null
at com.aspire.selenium.Framework.testNG.FailePro.S2(FailePro.java:18)
at java.util.ArrayList.forEach(ArrayList.java:1249)
... Removed 29 stack frames]]>
    </failure>
  </testcase> <!-- S2 -->
  <testcase name="s3" time="0.0" classname="com.aspire.selenium.Framework.testNG.FailePro">
    <ignored/>
  </testcase> <!-- s3 -->
  <testcase name="S1" time="0.0" classname="com.aspire.selenium.Framework.testNG.FailePro">
    <ignored/>
  </testcase> <!-- S1 -->
</testsuite> <!-- Default test(failed) -->
