<?xml version="1.0" encoding="UTF-8"?>
<!-- Generated by org.testng.reporters.JUnitXMLReporter -->
<testsuite hostname="DESKTOP-MDBUHON" ignored="0" name="Default test" tests="5" failures="0" timestamp="2022-02-28T13:31:12 IST" time="0.124" errors="0">
  <testcase name="m1" time="0.015" classname="com.aspire.selenium.Framework.testNG.Groups"/>
  <testcase name="m2" time="0.002" classname="com.aspire.selenium.Framework.testNG.Groups"/>
  <testcase name="m3" time="0.003" classname="com.aspire.selenium.Framework.testNG.Groups"/>
  <testcase name="m4" time="0.006" classname="com.aspire.selenium.Framework.testNG.Groups"/>
  <testcase name="m5" time="0.007" classname="com.aspire.selenium.Framework.testNG.Groups"/>
</testsuite> <!-- Default test -->
