<?xml version="1.0" encoding="UTF-8"?>
<!-- Generated by org.testng.reporters.JUnitXMLReporter -->
<testsuite hostname="DESKTOP-MDBUHON" ignored="2" name="Testng" tests="3" failures="0" timestamp="2022-02-28T13:31:25 IST" time="0.089" errors="0">
  <testcase name="m2" time="0.013" classname="com.aspire.selenium.Framework.testNG.Groups"/>
  <testcase name="m4" time="0.001" classname="com.aspire.selenium.Framework.testNG.Groups"/>
  <testcase name="m5" time="0.003" classname="com.aspire.selenium.Framework.testNG.Groups"/>
  <testcase name="m1" time="0.0" classname="com.aspire.selenium.Framework.testNG.Groups">
    <ignored/>
  </testcase> <!-- m1 -->
  <testcase name="m3" time="0.0" classname="com.aspire.selenium.Framework.testNG.Groups">
    <ignored/>
  </testcase> <!-- m3 -->
</testsuite> <!-- Testng -->
