<?xml version="1.0" encoding="UTF-8"?>
<!-- Generated by org.testng.reporters.JUnitXMLReporter -->
<testsuite hostname="DESKTOP-MDBUHON" ignored="0" name="Test" tests="3" failures="3" timestamp="2022-02-28T12:26:10 IST" time="0.1" errors="0">
  <testcase name="m1" time="0.016" classname="com.aspire.selenium.Framework.testNG.FailedXmlCreation">
    <failure type="java.lang.AssertionError" message="null">
      <![CDATA[java.lang.AssertionError: null
at com.aspire.selenium.Framework.testNG.FailedXmlCreation.m1(FailedXmlCreation.java:13)
at java.util.ArrayList.forEach(ArrayList.java:1249)
... Removed 29 stack frames]]>
    </failure>
  </testcase> <!-- m1 -->
  <testcase name="m2" time="0.004" classname="com.aspire.selenium.Framework.testNG.FailedXmlCreation">
    <failure type="java.lang.AssertionError" message="null">
      <![CDATA[java.lang.AssertionError: null
at com.aspire.selenium.Framework.testNG.FailedXmlCreation.m2(FailedXmlCreation.java:19)
at java.util.ArrayList.forEach(ArrayList.java:1249)
... Removed 29 stack frames]]>
    </failure>
  </testcase> <!-- m2 -->
  <testcase name="m3" time="0.005" classname="com.aspire.selenium.Framework.testNG.FailedXmlCreation">
    <failure type="java.lang.AssertionError" message="null">
      <![CDATA[java.lang.AssertionError: null
at com.aspire.selenium.Framework.testNG.FailedXmlCreation.m3(FailedXmlCreation.java:25)
at java.util.ArrayList.forEach(ArrayList.java:1249)
... Removed 29 stack frames]]>
    </failure>
  </testcase> <!-- m3 -->
</testsuite> <!-- Test -->
